[36mvite v6.4.1 [32mbuilding for production...[36m[39m
transforming...
[32m✓[39m 2248 modules transformed.
rendering chunks...
[33m[plugin vite:reporter] 
(!) C:/Users/zun24/note/src/components/ui/alert-dialog-simple.tsx is dynamically imported by C:/Users/zun24/note/src/App.tsx but also statically imported by C:/Users/zun24/note/src/components/AdminReportScreen.tsx, C:/Users/zun24/note/src/components/MainScreen/MainScreenRefactored.tsx, C:/Users/zun24/note/src/components/UserProfileDialog.tsx, C:/Users/zun24/note/src/components/WriteScreen.tsx, dynamic import will not move module into another chunk.
[39m
computing gzip size...
[2mbuild/[22m[32mindex.html                                     [39m[1m[2m  1.17 kB[22m[1m[22m[2m │ gzip:   0.50 kB[22m
[2mbuild/[22m[35massets/App-CEi_s2iG.css                        [39m[1m[2m 26.29 kB[22m[1m[22m[2m │ gzip:   6.13 kB[22m
[2mbuild/[22m[35massets/index-CXBR1SuY.css                      [39m[1m[2m 98.46 kB[22m[1m[22m[2m │ gzip:  15.77 kB[22m
[2mbuild/[22m[36massets/search-M8G2Le7J.js                      [39m[1m[2m  0.34 kB[22m[1m[22m[2m │ gzip:   0.28 kB[22m
[2mbuild/[22m[36massets/trending-up-D636cy-U.js                 [39m[1m[2m  0.38 kB[22m[1m[22m[2m │ gzip:   0.29 kB[22m
[2mbuild/[22m[36massets/lock-BNq_DYk5.js                        [39m[1m[2m  0.38 kB[22m[1m[22m[2m │ gzip:   0.30 kB[22m
[2mbuild/[22m[36massets/compass-BBQ8d0OK.js                     [39m[1m[2m  0.42 kB[22m[1m[22m[2m │ gzip:   0.31 kB[22m
[2mbuild/[22m[36massets/user-check-BzM2N48w.js                  [39m[1m[2m  0.43 kB[22m[1m[22m[2m │ gzip:   0.32 kB[22m
[2mbuild/[22m[36massets/log-out-BIGYJh4y.js                     [39m[1m[2m  0.43 kB[22m[1m[22m[2m │ gzip:   0.32 kB[22m
[2mbuild/[22m[36massets/triangle-alert-DSfL3Vvq.js              [39m[1m[2m  0.44 kB[22m[1m[22m[2m │ gzip:   0.32 kB[22m
[2mbuild/[22m[36massets/shield-6pn_U5D8.js                      [39m[1m[2m  0.44 kB[22m[1m[22m[2m │ gzip:   0.33 kB[22m
[2mbuild/[22m[36massets/award-2aQuV35N.js                       [39m[1m[2m  0.45 kB[22m[1m[22m[2m │ gzip:   0.33 kB[22m
[2mbuild/[22m[36massets/shield-check-DhsEHVM_.js                [39m[1m[2m  0.49 kB[22m[1m[22m[2m │ gzip:   0.36 kB[22m
[2mbuild/[22m[36massets/file-text-C5wCwB2v.js                   [39m[1m[2m  0.50 kB[22m[1m[22m[2m │ gzip:   0.32 kB[22m
[2mbuild/[22m[36massets/AppHeader-BuI_pzfP.js                   [39m[1m[2m  0.74 kB[22m[1m[22m[2m │ gzip:   0.38 kB[22m
[2mbuild/[22m[36massets/web-DywmozgK.js                         [39m[1m[2m  0.77 kB[22m[1m[22m[2m │ gzip:   0.36 kB[22m
[2mbuild/[22m[36massets/separator-D-_LBvmV.js                   [39m[1m[2m  1.13 kB[22m[1m[22m[2m │ gzip:   0.61 kB[22m
[2mbuild/[22m[36massets/web-Khn_H3M5.js                         [39m[1m[2m  1.98 kB[22m[1m[22m[2m │ gzip:   0.81 kB[22m
[2mbuild/[22m[36massets/keyboard-dismiss-button-D6Njso1t.js     [39m[1m[2m  2.08 kB[22m[1m[22m[2m │ gzip:   0.94 kB[22m
[2mbuild/[22m[36massets/FollowListScreen-i4NGVMJ3.js            [39m[1m[2m  2.33 kB[22m[1m[22m[2m │ gzip:   1.09 kB[22m
[2mbuild/[22m[36massets/switch-xNjZ81Q4.js                      [39m[1m[2m  2.57 kB[22m[1m[22m[2m │ gzip:   1.27 kB[22m
[2mbuild/[22m[36massets/NotesScreen-MNeEoD3O.js                 [39m[1m[2m  3.10 kB[22m[1m[22m[2m │ gzip:   1.51 kB[22m
[2mbuild/[22m[36massets/WelcomeScreen-DzCaDRr-.js               [39m[1m[2m  3.35 kB[22m[1m[22m[2m │ gzip:   1.48 kB[22m
[2mbuild/[22m[36massets/AttributionsScreen-DWORlkGB.js          [39m[1m[2m  3.76 kB[22m[1m[22m[2m │ gzip:   1.63 kB[22m
[2mbuild/[22m[36massets/NoteDetailScreen-DwWNhyxh.js            [39m[1m[2m  3.83 kB[22m[1m[22m[2m │ gzip:   1.45 kB[22m
[2mbuild/[22m[36massets/shopTitles-DRgumg0v.js                  [39m[1m[2m  3.88 kB[22m[1m[22m[2m │ gzip:   1.63 kB[22m
[2mbuild/[22m[36massets/ReportDialog-CD3lJA3l.js                [39m[1m[2m  3.98 kB[22m[1m[22m[2m │ gzip:   1.91 kB[22m
[2mbuild/[22m[36massets/QuestionComposeScreen-CNKfr07Q.js       [39m[1m[2m  4.45 kB[22m[1m[22m[2m │ gzip:   1.77 kB[22m
[2mbuild/[22m[36massets/TitleShop-D_HQkQwv.js                   [39m[1m[2m  5.37 kB[22m[1m[22m[2m │ gzip:   1.84 kB[22m
[2mbuild/[22m[36massets/CategoryScreen-Bpmalhew.js              [39m[1m[2m  5.64 kB[22m[1m[22m[2m │ gzip:   2.03 kB[22m
[2mbuild/[22m[36massets/MyContentListScreen-HPNFGWGh.js         [39m[1m[2m  5.64 kB[22m[1m[22m[2m │ gzip:   1.74 kB[22m
[2mbuild/[22m[36massets/NotificationSettingsDialog-BEfGCoPY.js  [39m[1m[2m  6.39 kB[22m[1m[22m[2m │ gzip:   2.40 kB[22m
[2mbuild/[22m[36massets/AchievementsScreen-Uv6sItuv.js          [39m[1m[2m  6.41 kB[22m[1m[22m[2m │ gzip:   2.57 kB[22m
[2mbuild/[22m[36massets/offline-indicator-DmGo_R9k.js           [39m[1m[2m  6.88 kB[22m[1m[22m[2m │ gzip:   2.44 kB[22m
[2mbuild/[22m[36massets/OpenSourceLicensesScreen-DuNp_hWb.js    [39m[1m[2m  7.88 kB[22m[1m[22m[2m │ gzip:   2.55 kB[22m
[2mbuild/[22m[36massets/BookmarkScreen-uXtdetcW.js              [39m[1m[2m  7.92 kB[22m[1m[22m[2m │ gzip:   2.72 kB[22m
[2mbuild/[22m[36massets/vendor-capacitor-Bm7NWSxP.js            [39m[1m[2m  8.92 kB[22m[1m[22m[2m │ gzip:   3.77 kB[22m
[2mbuild/[22m[36massets/SearchScreen-BCctJczu.js                [39m[1m[2m  9.24 kB[22m[1m[22m[2m │ gzip:   3.59 kB[22m
[2mbuild/[22m[36massets/tabs-Cr5FOWH8.js                        [39m[1m[2m  9.30 kB[22m[1m[22m[2m │ gzip:   3.68 kB[22m
[2mbuild/[22m[36massets/CommunityGuidelinesScreen-BSzJ58Sa.js   [39m[1m[2m 10.14 kB[22m[1m[22m[2m │ gzip:   3.17 kB[22m
[2mbuild/[22m[36massets/PrivacyPolicyScreen-DBpYDzhq.js         [39m[1m[2m 10.14 kB[22m[1m[22m[2m │ gzip:   3.05 kB[22m
[2mbuild/[22m[36massets/WriteScreen-Cbj3sCEb.js                 [39m[1m[2m 11.55 kB[22m[1m[22m[2m │ gzip:   3.96 kB[22m
[2mbuild/[22m[36massets/web-jXyvXu0Q.js                         [39m[1m[2m 12.31 kB[22m[1m[22m[2m │ gzip:   2.90 kB[22m
[2mbuild/[22m[36massets/TitlesCollection-Di1W6RB7.js            [39m[1m[2m 13.06 kB[22m[1m[22m[2m │ gzip:   3.90 kB[22m
[2mbuild/[22m[36massets/AdminReportScreen-D1EcHTxT.js           [39m[1m[2m 13.14 kB[22m[1m[22m[2m │ gzip:   3.87 kB[22m
[2mbuild/[22m[36massets/RankingScreen-HMNvFp8f.js               [39m[1m[2m 13.34 kB[22m[1m[22m[2m │ gzip:   4.49 kB[22m
[2mbuild/[22m[36massets/TermsOfServiceScreen-B56lNUr6.js        [39m[1m[2m 16.14 kB[22m[1m[22m[2m │ gzip:   4.73 kB[22m
[2mbuild/[22m[36massets/UserProfileDialog-D7FNgws1.js           [39m[1m[2m 35.15 kB[22m[1m[22m[2m │ gzip:  10.65 kB[22m
[2mbuild/[22m[36massets/index-Dv03pBH_.js                       [39m[1m[2m 64.33 kB[22m[1m[22m[2m │ gzip:  16.23 kB[22m
[2mbuild/[22m[36massets/vendor-react-1wgkHQEd.js                [39m[1m[2m141.47 kB[22m[1m[22m[2m │ gzip:  45.36 kB[22m
[2mbuild/[22m[36massets/MyPageScreen-Ba9yhmTS.js                [39m[1m[2m164.45 kB[22m[1m[22m[2m │ gzip:  51.07 kB[22m
[2mbuild/[22m[36massets/App-D9VGK2Pp.js                         [39m[1m[2m426.96 kB[22m[1m[22m[2m │ gzip: 129.78 kB[22m
[2mbuild/[22m[36massets/vendor-firebase-De-kaeE8.js             [39m[1m[2m534.87 kB[22m[1m[22m[2m │ gzip: 123.74 kB[22m
[32m✓ built in 6.32s[39m
