[36mvite v6.4.1 [32mbuilding for production...[36m[39m
transforming...
[32m✓[39m 2248 modules transformed.
rendering chunks...
[33m[plugin vite:reporter] 
(!) C:/Users/zun24/note/src/components/ui/alert-dialog-simple.tsx is dynamically imported by C:/Users/zun24/note/src/App.tsx but also statically imported by C:/Users/zun24/note/src/components/AdminReportScreen.tsx, C:/Users/zun24/note/src/components/MainScreen/MainScreenRefactored.tsx, C:/Users/zun24/note/src/components/UserProfileDialog.tsx, C:/Users/zun24/note/src/components/WriteScreen.tsx, dynamic import will not move module into another chunk.
[39m
computing gzip size...
[2mbuild/[22m[32mindex.html                                     [39m[1m[2m  1.17 kB[22m[1m[22m[2m │ gzip:   0.50 kB[22m
[2mbuild/[22m[35massets/App-CEi_s2iG.css                        [39m[1m[2m 26.29 kB[22m[1m[22m[2m │ gzip:   6.13 kB[22m
[2mbuild/[22m[35massets/index-CXBR1SuY.css                      [39m[1m[2m 98.46 kB[22m[1m[22m[2m │ gzip:  15.77 kB[22m
[2mbuild/[22m[36massets/search-CDNpxZ40.js                      [39m[1m[2m  0.34 kB[22m[1m[22m[2m │ gzip:   0.27 kB[22m
[2mbuild/[22m[36massets/trending-up-lq6i9etU.js                 [39m[1m[2m  0.38 kB[22m[1m[22m[2m │ gzip:   0.29 kB[22m
[2mbuild/[22m[36massets/lock-OkJw1Og8.js                        [39m[1m[2m  0.38 kB[22m[1m[22m[2m │ gzip:   0.30 kB[22m
[2mbuild/[22m[36massets/compass-BpAbYbDv.js                     [39m[1m[2m  0.42 kB[22m[1m[22m[2m │ gzip:   0.31 kB[22m
[2mbuild/[22m[36massets/user-check-C3NRkcmg.js                  [39m[1m[2m  0.43 kB[22m[1m[22m[2m │ gzip:   0.32 kB[22m
[2mbuild/[22m[36massets/log-out-lrElx4x5.js                     [39m[1m[2m  0.43 kB[22m[1m[22m[2m │ gzip:   0.32 kB[22m
[2mbuild/[22m[36massets/triangle-alert-Dxb67mhr.js              [39m[1m[2m  0.44 kB[22m[1m[22m[2m │ gzip:   0.31 kB[22m
[2mbuild/[22m[36massets/shield-sSnyw9o3.js                      [39m[1m[2m  0.44 kB[22m[1m[22m[2m │ gzip:   0.33 kB[22m
[2mbuild/[22m[36massets/award-DuVcqpY4.js                       [39m[1m[2m  0.45 kB[22m[1m[22m[2m │ gzip:   0.33 kB[22m
[2mbuild/[22m[36massets/shield-check-SwbTZJ59.js                [39m[1m[2m  0.49 kB[22m[1m[22m[2m │ gzip:   0.36 kB[22m
[2mbuild/[22m[36massets/file-text-Do2epuCI.js                   [39m[1m[2m  0.50 kB[22m[1m[22m[2m │ gzip:   0.32 kB[22m
[2mbuild/[22m[36massets/AppHeader-QANV7GIg.js                   [39m[1m[2m  0.74 kB[22m[1m[22m[2m │ gzip:   0.38 kB[22m
[2mbuild/[22m[36massets/web-DywmozgK.js                         [39m[1m[2m  0.77 kB[22m[1m[22m[2m │ gzip:   0.36 kB[22m
[2mbuild/[22m[36massets/separator-Dtof2tj7.js                   [39m[1m[2m  1.13 kB[22m[1m[22m[2m │ gzip:   0.60 kB[22m
[2mbuild/[22m[36massets/web-TumPuqRR.js                         [39m[1m[2m  1.98 kB[22m[1m[22m[2m │ gzip:   0.81 kB[22m
[2mbuild/[22m[36massets/keyboard-dismiss-button-D2MNWlYB.js     [39m[1m[2m  2.08 kB[22m[1m[22m[2m │ gzip:   0.94 kB[22m
[2mbuild/[22m[36massets/FollowListScreen-B0Bz4KNB.js            [39m[1m[2m  2.33 kB[22m[1m[22m[2m │ gzip:   1.09 kB[22m
[2mbuild/[22m[36massets/switch-DxDhkF0Z.js                      [39m[1m[2m  2.57 kB[22m[1m[22m[2m │ gzip:   1.27 kB[22m
[2mbuild/[22m[36massets/NotesScreen-Cau9C1b-.js                 [39m[1m[2m  3.10 kB[22m[1m[22m[2m │ gzip:   1.51 kB[22m
[2mbuild/[22m[36massets/WelcomeScreen-Bu68YEE8.js               [39m[1m[2m  3.35 kB[22m[1m[22m[2m │ gzip:   1.47 kB[22m
[2mbuild/[22m[36massets/AttributionsScreen-DklqB4Mx.js          [39m[1m[2m  3.76 kB[22m[1m[22m[2m │ gzip:   1.63 kB[22m
[2mbuild/[22m[36massets/NoteDetailScreen-BqexiBSo.js            [39m[1m[2m  3.83 kB[22m[1m[22m[2m │ gzip:   1.45 kB[22m
[2mbuild/[22m[36massets/shopTitles-Dv4mQJ9n.js                  [39m[1m[2m  3.88 kB[22m[1m[22m[2m │ gzip:   1.63 kB[22m
[2mbuild/[22m[36massets/ReportDialog-DezvHVT6.js                [39m[1m[2m  3.98 kB[22m[1m[22m[2m │ gzip:   1.91 kB[22m
[2mbuild/[22m[36massets/QuestionComposeScreen-QWvHDVns.js       [39m[1m[2m  4.45 kB[22m[1m[22m[2m │ gzip:   1.77 kB[22m
[2mbuild/[22m[36massets/TitleShop-CE3Pb-iS.js                   [39m[1m[2m  5.37 kB[22m[1m[22m[2m │ gzip:   1.84 kB[22m
[2mbuild/[22m[36massets/CategoryScreen-UwwIRHX4.js              [39m[1m[2m  5.64 kB[22m[1m[22m[2m │ gzip:   2.03 kB[22m
[2mbuild/[22m[36massets/MyContentListScreen-VwlmXp2S.js         [39m[1m[2m  5.64 kB[22m[1m[22m[2m │ gzip:   1.74 kB[22m
[2mbuild/[22m[36massets/NotificationSettingsDialog-tWroAFNA.js  [39m[1m[2m  6.39 kB[22m[1m[22m[2m │ gzip:   2.40 kB[22m
[2mbuild/[22m[36massets/AchievementsScreen-Dv4YFWoQ.js          [39m[1m[2m  6.41 kB[22m[1m[22m[2m │ gzip:   2.57 kB[22m
[2mbuild/[22m[36massets/offline-indicator-BAn5Ki09.js           [39m[1m[2m  6.88 kB[22m[1m[22m[2m │ gzip:   2.44 kB[22m
[2mbuild/[22m[36massets/OpenSourceLicensesScreen-BpKl0LXF.js    [39m[1m[2m  7.88 kB[22m[1m[22m[2m │ gzip:   2.55 kB[22m
[2mbuild/[22m[36massets/BookmarkScreen-C3yPwtE8.js              [39m[1m[2m  7.92 kB[22m[1m[22m[2m │ gzip:   2.72 kB[22m
[2mbuild/[22m[36massets/vendor-capacitor-Bm7NWSxP.js            [39m[1m[2m  8.92 kB[22m[1m[22m[2m │ gzip:   3.77 kB[22m
[2mbuild/[22m[36massets/SearchScreen-GflZkH8T.js                [39m[1m[2m  9.24 kB[22m[1m[22m[2m │ gzip:   3.59 kB[22m
[2mbuild/[22m[36massets/tabs-BqF-6uCg.js                        [39m[1m[2m  9.30 kB[22m[1m[22m[2m │ gzip:   3.68 kB[22m
[2mbuild/[22m[36massets/CommunityGuidelinesScreen-DZJ0fWXU.js   [39m[1m[2m 10.14 kB[22m[1m[22m[2m │ gzip:   3.17 kB[22m
[2mbuild/[22m[36massets/PrivacyPolicyScreen-CJ-N5NqA.js         [39m[1m[2m 10.14 kB[22m[1m[22m[2m │ gzip:   3.05 kB[22m
[2mbuild/[22m[36massets/WriteScreen-BfqMUmXW.js                 [39m[1m[2m 11.55 kB[22m[1m[22m[2m │ gzip:   3.96 kB[22m
[2mbuild/[22m[36massets/web-Bq0TJsYL.js                         [39m[1m[2m 12.31 kB[22m[1m[22m[2m │ gzip:   2.89 kB[22m
[2mbuild/[22m[36massets/TitlesCollection-B2Tn6PXA.js            [39m[1m[2m 13.06 kB[22m[1m[22m[2m │ gzip:   3.90 kB[22m
[2mbuild/[22m[36massets/AdminReportScreen-CU_HBYvY.js           [39m[1m[2m 13.14 kB[22m[1m[22m[2m │ gzip:   3.87 kB[22m
[2mbuild/[22m[36massets/RankingScreen-Bt7PZt6Z.js               [39m[1m[2m 13.34 kB[22m[1m[22m[2m │ gzip:   4.49 kB[22m
[2mbuild/[22m[36massets/TermsOfServiceScreen-DZoAqqat.js        [39m[1m[2m 16.14 kB[22m[1m[22m[2m │ gzip:   4.73 kB[22m
[2mbuild/[22m[36massets/UserProfileDialog-BqRDm1uA.js           [39m[1m[2m 35.15 kB[22m[1m[22m[2m │ gzip:  10.65 kB[22m
[2mbuild/[22m[36massets/index-DwfORTHQ.js                       [39m[1m[2m 64.33 kB[22m[1m[22m[2m │ gzip:  16.23 kB[22m
[2mbuild/[22m[36massets/vendor-react-1wgkHQEd.js                [39m[1m[2m141.47 kB[22m[1m[22m[2m │ gzip:  45.36 kB[22m
[2mbuild/[22m[36massets/MyPageScreen-O_02Raup.js                [39m[1m[2m164.45 kB[22m[1m[22m[2m │ gzip:  51.06 kB[22m
[2mbuild/[22m[36massets/App-BqSbvJnJ.js                         [39m[1m[2m426.94 kB[22m[1m[22m[2m │ gzip: 129.83 kB[22m
[2mbuild/[22m[36massets/vendor-firebase-De-kaeE8.js             [39m[1m[2m534.87 kB[22m[1m[22m[2m │ gzip: 123.74 kB[22m
[32m✓ built in 6.09s[39m
